\BOOKMARK [0][-]{chapter.1}{\376\377\0001\000\040\000M\000a\000i\000n\000\040\000P\000a\000g\000e}{}% 1
\BOOKMARK [0][-]{chapter.2}{\376\377\0002\000\040\000R\000E\000A\000D\000M\000E}{}% 2
\BOOKMARK [0][-]{chapter.3}{\376\377\0003\000\040\000D\000a\000t\000a\000\040\000S\000t\000r\000u\000c\000t\000u\000r\000e\000\040\000I\000n\000d\000e\000x}{}% 3
\BOOKMARK [1][-]{section.3.1}{\376\377\0003\000.\0001\000\040\000D\000a\000t\000a\000\040\000S\000t\000r\000u\000c\000t\000u\000r\000e\000s}{chapter.3}% 4
\BOOKMARK [0][-]{chapter.4}{\376\377\0004\000\040\000F\000i\000l\000e\000\040\000I\000n\000d\000e\000x}{}% 5
\BOOKMARK [1][-]{section.4.1}{\376\377\0004\000.\0001\000\040\000F\000i\000l\000e\000\040\000L\000i\000s\000t}{chapter.4}% 6
\BOOKMARK [0][-]{chapter.5}{\376\377\0005\000\040\000D\000a\000t\000a\000\040\000S\000t\000r\000u\000c\000t\000u\000r\000e\000\040\000D\000o\000c\000u\000m\000e\000n\000t\000a\000t\000i\000o\000n}{}% 7
\BOOKMARK [1][-]{section.5.1}{\376\377\0005\000.\0001\000\040\000n\000o\000d\000e\000\040\000S\000t\000r\000u\000c\000t\000\040\000R\000e\000f\000e\000r\000e\000n\000c\000e}{chapter.5}% 8
\BOOKMARK [2][-]{subsection.5.1.1}{\376\377\0005\000.\0001\000.\0001\000\040\000F\000i\000e\000l\000d\000\040\000D\000o\000c\000u\000m\000e\000n\000t\000a\000t\000i\000o\000n}{section.5.1}% 9
\BOOKMARK [3][-]{subsubsection.5.1.1.1}{\376\377\0005\000.\0001\000.\0001\000.\0001\000\040\000a\000l\000t\000u\000r\000a}{subsection.5.1.1}% 10
\BOOKMARK [3][-]{subsubsection.5.1.1.2}{\376\377\0005\000.\0001\000.\0001\000.\0002\000\040\000c\000h\000a\000v\000e}{subsection.5.1.1}% 11
\BOOKMARK [3][-]{subsubsection.5.1.1.3}{\376\377\0005\000.\0001\000.\0001\000.\0003\000\040\000d\000i\000r}{subsection.5.1.1}% 12
\BOOKMARK [3][-]{subsubsection.5.1.1.4}{\376\377\0005\000.\0001\000.\0001\000.\0004\000\040\000e\000s\000q}{subsection.5.1.1}% 13
\BOOKMARK [3][-]{subsubsection.5.1.1.5}{\376\377\0005\000.\0001\000.\0001\000.\0005\000\040\000j\000o\000g\000a\000d\000o\000r}{subsection.5.1.1}% 14
\BOOKMARK [1][-]{section.5.2}{\376\377\0005\000.\0002\000\040\000s\000t\000r\000u\000c\000t\000\040\000S\000t\000r\000u\000c\000t\000\040\000R\000e\000f\000e\000r\000e\000n\000c\000e}{chapter.5}% 15
\BOOKMARK [2][-]{subsection.5.2.1}{\376\377\0005\000.\0002\000.\0001\000\040\000D\000e\000t\000a\000i\000l\000e\000d\000\040\000D\000e\000s\000c\000r\000i\000p\000t\000i\000o\000n}{section.5.2}% 16
\BOOKMARK [0][-]{chapter.6}{\376\377\0006\000\040\000F\000i\000l\000e\000\040\000D\000o\000c\000u\000m\000e\000n\000t\000a\000t\000i\000o\000n}{}% 17
\BOOKMARK [1][-]{section.6.1}{\376\377\0006\000.\0001\000\040\000a\000v\000l\000\137\000j\000o\000g\000o\000\137\000d\000a\000\137\000v\000e\000l\000h\000a\000.\000c\000\040\000F\000i\000l\000e\000\040\000R\000e\000f\000e\000r\000e\000n\000c\000e}{chapter.6}% 18
\BOOKMARK [2][-]{subsection.6.1.1}{\376\377\0006\000.\0001\000.\0001\000\040\000D\000e\000t\000a\000i\000l\000e\000d\000\040\000D\000e\000s\000c\000r\000i\000p\000t\000i\000o\000n}{section.6.1}% 19
\BOOKMARK [2][-]{subsection.6.1.2}{\376\377\0006\000.\0001\000.\0002\000\040\000F\000u\000n\000c\000t\000i\000o\000n\000\040\000D\000o\000c\000u\000m\000e\000n\000t\000a\000t\000i\000o\000n}{section.6.1}% 20
\BOOKMARK [3][-]{subsubsection.6.1.2.1}{\376\377\0006\000.\0001\000.\0002\000.\0001\000\040\000a\000l\000t\000u\000r\000a\000\050\000A\000r\000v\000o\000r\000e\000\040\000*\000a\000\051}{subsection.6.1.2}% 21
\BOOKMARK [3][-]{subsubsection.6.1.2.2}{\376\377\0006\000.\0001\000.\0002\000.\0002\000\040\000a\000t\000u\000a\000l\000i\000z\000a\000r\000a\000l\000t\000u\000r\000a\000\050\000A\000r\000v\000o\000r\000e\000\040\000*\000a\000\051}{subsection.6.1.2}% 22
\BOOKMARK [3][-]{subsubsection.6.1.2.3}{\376\377\0006\000.\0001\000.\0002\000.\0003\000\040\000a\000t\000u\000a\000l\000i\000z\000a\000r\000f\000b\000d\000i\000r\000\050\000A\000r\000v\000o\000r\000e\000\040\000*\000r\000\051}{subsection.6.1.2}% 23
\BOOKMARK [3][-]{subsubsection.6.1.2.4}{\376\377\0006\000.\0001\000.\0002\000.\0004\000\040\000a\000t\000u\000a\000l\000i\000z\000a\000r\000f\000b\000e\000s\000q\000\050\000A\000r\000v\000o\000r\000e\000\040\000*\000r\000\051}{subsection.6.1.2}% 24
\BOOKMARK [3][-]{subsubsection.6.1.2.5}{\376\377\0006\000.\0001\000.\0002\000.\0005\000\040\000b\000a\000l\000a\000n\000c\000e\000a\000m\000e\000n\000t\000o\000\050\000A\000r\000v\000o\000r\000e\000\040\000*\000a\000\051}{subsection.6.1.2}% 25
\BOOKMARK [3][-]{subsubsection.6.1.2.6}{\376\377\0006\000.\0001\000.\0002\000.\0006\000\040\000b\000u\000s\000c\000a\000r\000\050\000A\000r\000v\000o\000r\000e\000\040\000*\000a\000,\000\040\000i\000n\000t\000\040\000c\000h\000a\000v\000e\000\051}{subsection.6.1.2}% 26
\BOOKMARK [3][-]{subsubsection.6.1.2.7}{\376\377\0006\000.\0001\000.\0002\000.\0007\000\040\000i\000n\000s\000e\000r\000i\000r\000\050\000A\000r\000v\000o\000r\000e\000\040\000*\000a\000,\000\040\000i\000n\000t\000\040\000c\000h\000a\000v\000e\000,\000\040\000i\000n\000t\000\040\000j\000o\000g\000a\000d\000o\000r\000\051}{subsection.6.1.2}% 27
\BOOKMARK [3][-]{subsubsection.6.1.2.8}{\376\377\0006\000.\0001\000.\0002\000.\0008\000\040\000m\000a\000i\000o\000r\000\050\000i\000n\000t\000\040\000e\000s\000q\000,\000\040\000i\000n\000t\000\040\000d\000i\000r\000\051}{subsection.6.1.2}% 28
\BOOKMARK [3][-]{subsubsection.6.1.2.9}{\376\377\0006\000.\0001\000.\0002\000.\0009\000\040\000r\000e\000m\000o\000v\000e\000r\000\050\000A\000r\000v\000o\000r\000e\000\040\000*\000a\000,\000\040\000i\000n\000t\000\040\000c\000h\000a\000v\000e\000\051}{subsection.6.1.2}% 29
\BOOKMARK [3][-]{subsubsection.6.1.2.10}{\376\377\0006\000.\0001\000.\0002\000.\0001\0000\000\040\000r\000o\000t\000a\000c\000a\000o\000d\000u\000p\000l\000a\000d\000i\000r\000\050\000A\000r\000v\000o\000r\000e\000\040\000*\000r\000\051}{subsection.6.1.2}% 30
\BOOKMARK [3][-]{subsubsection.6.1.2.11}{\376\377\0006\000.\0001\000.\0002\000.\0001\0001\000\040\000r\000o\000t\000a\000c\000a\000o\000d\000u\000p\000l\000a\000e\000s\000q\000\050\000A\000r\000v\000o\000r\000e\000\040\000*\000r\000\051}{subsection.6.1.2}% 31
\BOOKMARK [3][-]{subsubsection.6.1.2.12}{\376\377\0006\000.\0001\000.\0002\000.\0001\0002\000\040\000r\000o\000t\000a\000c\000a\000o\000s\000i\000m\000p\000l\000e\000s\000d\000i\000r\000\050\000A\000r\000v\000o\000r\000e\000\040\000*\000r\000\051}{subsection.6.1.2}% 32
\BOOKMARK [3][-]{subsubsection.6.1.2.13}{\376\377\0006\000.\0001\000.\0002\000.\0001\0003\000\040\000r\000o\000t\000a\000c\000a\000o\000s\000i\000m\000p\000l\000e\000s\000e\000s\000q\000\050\000A\000r\000v\000o\000r\000e\000\040\000*\000r\000\051}{subsection.6.1.2}% 33
\BOOKMARK [3][-]{subsubsection.6.1.2.14}{\376\377\0006\000.\0001\000.\0002\000.\0001\0004\000\040\000v\000e\000r\000i\000f\000i\000c\000a\000g\000a\000n\000h\000a\000d\000o\000r\000\050\000A\000r\000v\000o\000r\000e\000\040\000*\000a\000,\000\040\000i\000n\000t\000\040\000j\000o\000g\000a\000d\000o\000r\000\051}{subsection.6.1.2}% 34
\BOOKMARK [1][-]{section.6.2}{\376\377\0006\000.\0002\000\040\000a\000v\000l\000\137\000j\000o\000g\000o\000\137\000d\000a\000\137\000v\000e\000l\000h\000a\000.\000h\000\040\000F\000i\000l\000e\000\040\000R\000e\000f\000e\000r\000e\000n\000c\000e}{chapter.6}% 35
\BOOKMARK [2][-]{subsection.6.2.1}{\376\377\0006\000.\0002\000.\0001\000\040\000D\000e\000t\000a\000i\000l\000e\000d\000\040\000D\000e\000s\000c\000r\000i\000p\000t\000i\000o\000n}{section.6.2}% 36
\BOOKMARK [2][-]{subsection.6.2.2}{\376\377\0006\000.\0002\000.\0002\000\040\000F\000u\000n\000c\000t\000i\000o\000n\000\040\000D\000o\000c\000u\000m\000e\000n\000t\000a\000t\000i\000o\000n}{section.6.2}% 37
\BOOKMARK [3][-]{subsubsection.6.2.2.1}{\376\377\0006\000.\0002\000.\0002\000.\0001\000\040\000a\000l\000t\000u\000r\000a\000\050\000A\000r\000v\000o\000r\000e\000\040\000*\000a\000\051}{subsection.6.2.2}% 38
\BOOKMARK [3][-]{subsubsection.6.2.2.2}{\376\377\0006\000.\0002\000.\0002\000.\0002\000\040\000a\000t\000u\000a\000l\000i\000z\000a\000r\000a\000l\000t\000u\000r\000a\000\050\000A\000r\000v\000o\000r\000e\000\040\000*\000a\000\051}{subsection.6.2.2}% 39
\BOOKMARK [3][-]{subsubsection.6.2.2.3}{\376\377\0006\000.\0002\000.\0002\000.\0003\000\040\000a\000t\000u\000a\000l\000i\000z\000a\000r\000f\000b\000d\000i\000r\000\050\000A\000r\000v\000o\000r\000e\000\040\000*\000r\000\051}{subsection.6.2.2}% 40
\BOOKMARK [3][-]{subsubsection.6.2.2.4}{\376\377\0006\000.\0002\000.\0002\000.\0004\000\040\000a\000t\000u\000a\000l\000i\000z\000a\000r\000f\000b\000e\000s\000q\000\050\000A\000r\000v\000o\000r\000e\000\040\000*\000r\000\051}{subsection.6.2.2}% 41
\BOOKMARK [3][-]{subsubsection.6.2.2.5}{\376\377\0006\000.\0002\000.\0002\000.\0005\000\040\000b\000a\000l\000a\000n\000c\000e\000a\000m\000e\000n\000t\000o\000\050\000A\000r\000v\000o\000r\000e\000\040\000*\000a\000\051}{subsection.6.2.2}% 42
\BOOKMARK [3][-]{subsubsection.6.2.2.6}{\376\377\0006\000.\0002\000.\0002\000.\0006\000\040\000b\000u\000s\000c\000a\000r\000\050\000A\000r\000v\000o\000r\000e\000\040\000*\000a\000,\000\040\000i\000n\000t\000\040\000c\000h\000a\000v\000e\000\051}{subsection.6.2.2}% 43
\BOOKMARK [3][-]{subsubsection.6.2.2.7}{\376\377\0006\000.\0002\000.\0002\000.\0007\000\040\000i\000n\000s\000e\000r\000i\000r\000\050\000A\000r\000v\000o\000r\000e\000\040\000*\000a\000,\000\040\000i\000n\000t\000\040\000c\000h\000a\000v\000e\000,\000\040\000i\000n\000t\000\040\000j\000o\000g\000a\000d\000o\000r\000\051}{subsection.6.2.2}% 44
\BOOKMARK [3][-]{subsubsection.6.2.2.8}{\376\377\0006\000.\0002\000.\0002\000.\0008\000\040\000m\000a\000i\000o\000r\000\050\000i\000n\000t\000\040\000e\000s\000q\000,\000\040\000i\000n\000t\000\040\000d\000i\000r\000\051}{subsection.6.2.2}% 45
\BOOKMARK [3][-]{subsubsection.6.2.2.9}{\376\377\0006\000.\0002\000.\0002\000.\0009\000\040\000r\000e\000m\000o\000v\000e\000r\000\050\000A\000r\000v\000o\000r\000e\000\040\000*\000a\000,\000\040\000i\000n\000t\000\040\000c\000h\000a\000v\000e\000\051}{subsection.6.2.2}% 46
\BOOKMARK [3][-]{subsubsection.6.2.2.10}{\376\377\0006\000.\0002\000.\0002\000.\0001\0000\000\040\000r\000o\000t\000a\000c\000a\000o\000d\000u\000p\000l\000a\000d\000i\000r\000\050\000A\000r\000v\000o\000r\000e\000\040\000*\000r\000\051}{subsection.6.2.2}% 47
\BOOKMARK [3][-]{subsubsection.6.2.2.11}{\376\377\0006\000.\0002\000.\0002\000.\0001\0001\000\040\000r\000o\000t\000a\000c\000a\000o\000d\000u\000p\000l\000a\000e\000s\000q\000\050\000A\000r\000v\000o\000r\000e\000\040\000*\000r\000\051}{subsection.6.2.2}% 48
\BOOKMARK [3][-]{subsubsection.6.2.2.12}{\376\377\0006\000.\0002\000.\0002\000.\0001\0002\000\040\000r\000o\000t\000a\000c\000a\000o\000s\000i\000m\000p\000l\000e\000s\000d\000i\000r\000\050\000A\000r\000v\000o\000r\000e\000\040\000*\000r\000\051}{subsection.6.2.2}% 49
\BOOKMARK [3][-]{subsubsection.6.2.2.13}{\376\377\0006\000.\0002\000.\0002\000.\0001\0003\000\040\000r\000o\000t\000a\000c\000a\000o\000s\000i\000m\000p\000l\000e\000s\000e\000s\000q\000\050\000A\000r\000v\000o\000r\000e\000\040\000*\000r\000\051}{subsection.6.2.2}% 50
\BOOKMARK [3][-]{subsubsection.6.2.2.14}{\376\377\0006\000.\0002\000.\0002\000.\0001\0004\000\040\000v\000e\000r\000i\000f\000i\000c\000a\000g\000a\000n\000h\000a\000d\000o\000r\000\050\000A\000r\000v\000o\000r\000e\000\040\000*\000a\000,\000\040\000i\000n\000t\000\040\000j\000o\000g\000a\000d\000o\000r\000\051}{subsection.6.2.2}% 51
\BOOKMARK [1][-]{section.6.3}{\376\377\0006\000.\0003\000\040\000j\000o\000g\000o\000\137\000d\000a\000\137\000v\000e\000l\000h\000a\000\137\000m\000a\000i\000n\000.\000c\000\040\000F\000i\000l\000e\000\040\000R\000e\000f\000e\000r\000e\000n\000c\000e}{chapter.6}% 52
\BOOKMARK [2][-]{subsection.6.3.1}{\376\377\0006\000.\0003\000.\0001\000\040\000D\000e\000t\000a\000i\000l\000e\000d\000\040\000D\000e\000s\000c\000r\000i\000p\000t\000i\000o\000n}{section.6.3}% 53
\BOOKMARK [2][-]{subsection.6.3.2}{\376\377\0006\000.\0003\000.\0002\000\040\000F\000u\000n\000c\000t\000i\000o\000n\000\040\000D\000o\000c\000u\000m\000e\000n\000t\000a\000t\000i\000o\000n}{section.6.3}% 54
\BOOKMARK [3][-]{subsubsection.6.3.2.1}{\376\377\0006\000.\0003\000.\0002\000.\0001\000\040\000j\000o\000g\000a\000r\000c\000o\000n\000t\000r\000a\000c\000o\000m\000p\000u\000t\000a\000d\000o\000r\000\050\000A\000r\000v\000o\000r\000e\000\040\000*\000a\000\051}{subsection.6.3.2}% 55
\BOOKMARK [3][-]{subsubsection.6.3.2.2}{\376\377\0006\000.\0003\000.\0002\000.\0002\000\040\000j\000o\000g\000a\000r\000c\000o\000n\000t\000r\000a\000j\000o\000g\000a\000d\000o\000r\000\050\000A\000r\000v\000o\000r\000e\000\040\000*\000a\000\051}{subsection.6.3.2}% 56
\BOOKMARK [3][-]{subsubsection.6.3.2.3}{\376\377\0006\000.\0003\000.\0002\000.\0003\000\040\000m\000a\000i\000n\000\050\000\051}{subsection.6.3.2}% 57
\BOOKMARK [0][-]{section*.70}{\376\377\000I\000n\000d\000e\000x}{}% 58
